\BOOKMARK [1][-]{section*.1}{Introduction}{}% 1
\BOOKMARK [2][-]{section*.2}{Familiar with virtual machine commands}{section*.1}% 2
\BOOKMARK [2][-]{section*.3}{Exercise on virtual machine}{section*.1}% 3
\BOOKMARK [1][-]{section.1}{Explore the Network}{}% 4
\BOOKMARK [2][-]{subsection.1.1}{LANs,WANs and the Internet}{section.1}% 5
\BOOKMARK [3][-]{subsubsection.1.1.1}{Network Components}{subsection.1.1}% 6
\BOOKMARK [3][-]{subsubsection.1.1.2}{Network Representations}{subsection.1.1}% 7
\BOOKMARK [3][-]{subsubsection.1.1.3}{LANs and WANs}{subsection.1.1}% 8
\BOOKMARK [3][-]{subsubsection.1.1.4}{The Internet, Intranets, and Extranets}{subsection.1.1}% 9
\BOOKMARK [3][-]{subsubsection.1.1.5}{Internet Connections}{subsection.1.1}% 10
\BOOKMARK [2][-]{subsection.1.2}{Network Environments}{section.1}% 11
\BOOKMARK [3][-]{subsubsection.1.2.1}{Reliable Network}{subsection.1.2}% 12
\BOOKMARK [3][-]{subsubsection.1.2.2}{Network Trends}{subsection.1.2}% 13
\BOOKMARK [1][-]{section.2}{Configure a Network Operating System}{}% 14
\BOOKMARK [1][-]{section.3}{Network Protocols and Communications}{}% 15
\BOOKMARK [1][-]{section.4}{Network Access}{}% 16
\BOOKMARK [1][-]{section.5}{Ethernet}{}% 17
\BOOKMARK [1][-]{section.6}{Network Layer}{}% 18
\BOOKMARK [1][-]{section.7}{IP Addressing}{}% 19
\BOOKMARK [1][-]{section.8}{Subnetting IP Networks}{}% 20
\BOOKMARK [1][-]{section.9}{Transport Layer}{}% 21
\BOOKMARK [1][-]{section.10}{Application Layer}{}% 22
\BOOKMARK [1][-]{section.11}{Build a Small Network}{}% 23
\BOOKMARK [1][-]{section*.17}{Acronyms}{}% 24
\BOOKMARK [1][-]{section*.19}{Terms}{}% 25
\BOOKMARK [1][-]{section*.21}{Commands}{}% 26
\BOOKMARK [1][-]{section*.22}{List of Figures}{}% 27
