\standalonepreambles
\subpreamble{sections/Introduction.tex}

\endsubpreamble
\subpreamble{sections/ExploretheNetwork.tex}

\endsubpreamble
\subpreamble{sections/ConfigureaNetworkOperatingSystem.tex}

\endsubpreamble
\subpreamble{sections/NetworkProtocolsandCommunications.tex}

\endsubpreamble
\subpreamble{sections/NetworkAccess.tex}

\endsubpreamble
\subpreamble{sections/Ethernet.tex}

\endsubpreamble
\subpreamble{sections/NetworkLayer.tex}

\endsubpreamble
\subpreamble{sections/IPAddressing.tex}

\endsubpreamble
\subpreamble{sections/SubnettingIPNetworks.tex}

\endsubpreamble
\subpreamble{sections/TransportLayer.tex}

\endsubpreamble
\subpreamble{sections/ApplicationLayer.tex}

\endsubpreamble
\subpreamble{sections/BuildaSmallNetwork.tex}

\endsubpreamble
\endstandalonepreambles
